  Precompiled.cpp
C:\Users\lcv2032525\Desktop\CEngine\Framework\Math\Inc\Matrix4.h(178,55): error C2039: 'Quaternion': is not a member of 'CEngine::Math'
C:\Users\lcv2032525\Desktop\CEngine\Framework\Math\Inc\Matrix4.h(3): message : see declaration of 'CEngine::Math'
C:\Users\lcv2032525\Desktop\CEngine\Framework\Math\Inc\Matrix4.h(178,65): error C4430: missing type specifier - int assumed. Note: C++ does not support default-int
C:\Users\lcv2032525\Desktop\CEngine\Framework\Math\Inc\Matrix4.h(178,65): error C2143: syntax error: missing ',' before '&'
C:\Users\lcv2032525\Desktop\CEngine\Framework\Math\Inc\Matrix4.h(152,22): error C3861: 'Normalize': identifier not found
C:\Users\lcv2032525\Desktop\CEngine\Framework\Math\Inc\Matrix4.h(182,20): error C2065: 'q': undeclared identifier
C:\Users\lcv2032525\Desktop\CEngine\Framework\Math\Inc\Matrix4.h(182,26): error C2065: 'q': undeclared identifier
C:\Users\lcv2032525\Desktop\CEngine\Framework\Math\Inc\Matrix4.h(182,41): error C2065: 'q': undeclared identifier
C:\Users\lcv2032525\Desktop\CEngine\Framework\Math\Inc\Matrix4.h(182,47): error C2065: 'q': undeclared identifier
C:\Users\lcv2032525\Desktop\CEngine\Framework\Math\Inc\Matrix4.h(183,13): error C2065: 'q': undeclared identifier
C:\Users\lcv2032525\Desktop\CEngine\Framework\Math\Inc\Matrix4.h(183,19): error C2065: 'q': undeclared identifier
C:\Users\lcv2032525\Desktop\CEngine\Framework\Math\Inc\Matrix4.h(183,34): error C2065: 'q': undeclared identifier
C:\Users\lcv2032525\Desktop\CEngine\Framework\Math\Inc\Matrix4.h(183,40): error C2065: 'q': undeclared identifier
C:\Users\lcv2032525\Desktop\CEngine\Framework\Math\Inc\Matrix4.h(184,13): error C2065: 'q': undeclared identifier
C:\Users\lcv2032525\Desktop\CEngine\Framework\Math\Inc\Matrix4.h(184,19): error C2065: 'q': undeclared identifier
C:\Users\lcv2032525\Desktop\CEngine\Framework\Math\Inc\Matrix4.h(184,34): error C2065: 'q': undeclared identifier
C:\Users\lcv2032525\Desktop\CEngine\Framework\Math\Inc\Matrix4.h(184,40): error C2065: 'q': undeclared identifier
C:\Users\lcv2032525\Desktop\CEngine\Framework\Math\Inc\Matrix4.h(187,13): error C2065: 'q': undeclared identifier
C:\Users\lcv2032525\Desktop\CEngine\Framework\Math\Inc\Matrix4.h(187,19): error C2065: 'q': undeclared identifier
C:\Users\lcv2032525\Desktop\CEngine\Framework\Math\Inc\Matrix4.h(187,34): error C2065: 'q': undeclared identifier
C:\Users\lcv2032525\Desktop\CEngine\Framework\Math\Inc\Matrix4.h(187,40): error C2065: 'q': undeclared identifier
C:\Users\lcv2032525\Desktop\CEngine\Framework\Math\Inc\Matrix4.h(188,20): error C2065: 'q': undeclared identifier
C:\Users\lcv2032525\Desktop\CEngine\Framework\Math\Inc\Matrix4.h(188,26): error C2065: 'q': undeclared identifier
C:\Users\lcv2032525\Desktop\CEngine\Framework\Math\Inc\Matrix4.h(188,41): error C2065: 'q': undeclared identifier
C:\Users\lcv2032525\Desktop\CEngine\Framework\Math\Inc\Matrix4.h(188,47): error C2065: 'q': undeclared identifier
C:\Users\lcv2032525\Desktop\CEngine\Framework\Math\Inc\Matrix4.h(189,13): error C2065: 'q': undeclared identifier
C:\Users\lcv2032525\Desktop\CEngine\Framework\Math\Inc\Matrix4.h(189,19): error C2065: 'q': undeclared identifier
C:\Users\lcv2032525\Desktop\CEngine\Framework\Math\Inc\Matrix4.h(189,34): error C2065: 'q': undeclared identifier
C:\Users\lcv2032525\Desktop\CEngine\Framework\Math\Inc\Matrix4.h(189,40): error C2065: 'q': undeclared identifier
C:\Users\lcv2032525\Desktop\CEngine\Framework\Math\Inc\Matrix4.h(192,13): error C2065: 'q': undeclared identifier
C:\Users\lcv2032525\Desktop\CEngine\Framework\Math\Inc\Matrix4.h(192,19): error C2065: 'q': undeclared identifier
C:\Users\lcv2032525\Desktop\CEngine\Framework\Math\Inc\Matrix4.h(192,34): error C2065: 'q': undeclared identifier
C:\Users\lcv2032525\Desktop\CEngine\Framework\Math\Inc\Matrix4.h(192,40): error C2065: 'q': undeclared identifier
C:\Users\lcv2032525\Desktop\CEngine\Framework\Math\Inc\Matrix4.h(193,13): error C2065: 'q': undeclared identifier
C:\Users\lcv2032525\Desktop\CEngine\Framework\Math\Inc\Matrix4.h(193,19): error C2065: 'q': undeclared identifier
C:\Users\lcv2032525\Desktop\CEngine\Framework\Math\Inc\Matrix4.h(193,34): error C2065: 'q': undeclared identifier
C:\Users\lcv2032525\Desktop\CEngine\Framework\Math\Inc\Matrix4.h(193,40): error C2065: 'q': undeclared identifier
C:\Users\lcv2032525\Desktop\CEngine\Framework\Math\Inc\Matrix4.h(194,20): error C2065: 'q': undeclared identifier
C:\Users\lcv2032525\Desktop\CEngine\Framework\Math\Inc\Matrix4.h(194,26): error C2065: 'q': undeclared identifier
C:\Users\lcv2032525\Desktop\CEngine\Framework\Math\Inc\Matrix4.h(194,41): error C2065: 'q': undeclared identifier
C:\Users\lcv2032525\Desktop\CEngine\Framework\Math\Inc\Matrix4.h(194,47): error C2065: 'q': undeclared identifier
C:\Users\lcv2032525\Desktop\CEngine\Framework\Math\Inc\Matrix4.h(181,4): error C2440: 'return': cannot convert from 'initializer list' to 'CEngine::Math::Matrix4'
C:\Users\lcv2032525\Desktop\CEngine\Framework\Math\Inc\Matrix4.h(198,1): message : No constructor could take the source type, or constructor overload resolution was ambiguous
