  GameState.cpp
  MyComponent.cpp
  MyService.cpp
  WinMain.cpp
  Generating Code...
  LINK : C:\Users\lcv2032525\Desktop\CEngine\x64\Debug\19_CEngine_Final.exe not found or not built by the last incremental link; performing full link
Bullet.lib(btCollisionAlgorithm.obj) : warning LNK4205: 'C:\Users\lcv2032525\Desktop\CEngine\x64\Debug\Bullet.pdb' is missing current debugging information for referencing module; linking object as if no debug info
Bullet.lib(btDbvt.obj) : warning LNK4205: 'C:\Users\lcv2032525\Desktop\CEngine\x64\Debug\Bullet.pdb' is missing current debugging information for referencing module; linking object as if no debug info
Bullet.lib(btDbvtBroadphase.obj) : warning LNK4205: 'C:\Users\lcv2032525\Desktop\CEngine\x64\Debug\Bullet.pdb' is missing current debugging information for referencing module; linking object as if no debug info
Bullet.lib(btDispatcher.obj) : warning LNK4205: 'C:\Users\lcv2032525\Desktop\CEngine\x64\Debug\Bullet.pdb' is missing current debugging information for referencing module; linking object as if no debug info
Bullet.lib(btOverlappingPairCache.obj) : warning LNK4205: 'C:\Users\lcv2032525\Desktop\CEngine\x64\Debug\Bullet.pdb' is missing current debugging information for referencing module; linking object as if no debug info
Bullet.lib(btQuantizedBvh.obj) : warning LNK4205: 'C:\Users\lcv2032525\Desktop\CEngine\x64\Debug\Bullet.pdb' is missing current debugging information for referencing module; linking object as if no debug info
Bullet.lib(btActivatingCollisionAlgorithm.obj) : warning LNK4205: 'C:\Users\lcv2032525\Desktop\CEngine\x64\Debug\Bullet.pdb' is missing current debugging information for referencing module; linking object as if no debug info
Bullet.lib(btBoxBoxCollisionAlgorithm.obj) : warning LNK4205: 'C:\Users\lcv2032525\Desktop\CEngine\x64\Debug\Bullet.pdb' is missing current debugging information for referencing module; linking object as if no debug info
Bullet.lib(btBoxBoxDetector.obj) : warning LNK4205: 'C:\Users\lcv2032525\Desktop\CEngine\x64\Debug\Bullet.pdb' is missing current debugging information for referencing module; linking object as if no debug info
Bullet.lib(btCollisionDispatcher.obj) : warning LNK4205: 'C:\Users\lcv2032525\Desktop\CEngine\x64\Debug\Bullet.pdb' is missing current debugging information for referencing module; linking object as if no debug info
Bullet.lib(btCollisionObject.obj) : warning LNK4205: 'C:\Users\lcv2032525\Desktop\CEngine\x64\Debug\Bullet.pdb' is missing current debugging information for referencing module; linking object as if no debug info
Bullet.lib(btCollisionWorld.obj) : warning LNK4205: 'C:\Users\lcv2032525\Desktop\CEngine\x64\Debug\Bullet.pdb' is missing current debugging information for referencing module; linking object as if no debug info
Bullet.lib(btCompoundCollisionAlgorithm.obj) : warning LNK4205: 'C:\Users\lcv2032525\Desktop\CEngine\x64\Debug\Bullet.pdb' is missing current debugging information for referencing module; linking object as if no debug info
Bullet.lib(btCompoundCompoundCollisionAlgorithm.obj) : warning LNK4205: 'C:\Users\lcv2032525\Desktop\CEngine\x64\Debug\Bullet.pdb' is missing current debugging information for referencing module; linking object as if no debug info
Bullet.lib(btConvexConcaveCollisionAlgorithm.obj) : warning LNK4205: 'C:\Users\lcv2032525\Desktop\CEngine\x64\Debug\Bullet.pdb' is missing current debugging information for referencing module; linking object as if no debug info
Bullet.lib(btConvexConvexAlgorithm.obj) : warning LNK4205: 'C:\Users\lcv2032525\Desktop\CEngine\x64\Debug\Bullet.pdb' is missing current debugging information for referencing module; linking object as if no debug info
Bullet.lib(btConvexPlaneCollisionAlgorithm.obj) : warning LNK4205: 'C:\Users\lcv2032525\Desktop\CEngine\x64\Debug\Bullet.pdb' is missing current debugging information for referencing module; linking object as if no debug info
Bullet.lib(btDefaultCollisionConfiguration.obj) : warning LNK4205: 'C:\Users\lcv2032525\Desktop\CEngine\x64\Debug\Bullet.pdb' is missing current debugging information for referencing module; linking object as if no debug info
Bullet.lib(btEmptyCollisionAlgorithm.obj) : warning LNK4205: 'C:\Users\lcv2032525\Desktop\CEngine\x64\Debug\Bullet.pdb' is missing current debugging information for referencing module; linking object as if no debug info
Bullet.lib(btHashedSimplePairCache.obj) : warning LNK4205: 'C:\Users\lcv2032525\Desktop\CEngine\x64\Debug\Bullet.pdb' is missing current debugging information for referencing module; linking object as if no debug info
Bullet.lib(btManifoldResult.obj) : warning LNK4205: 'C:\Users\lcv2032525\Desktop\CEngine\x64\Debug\Bullet.pdb' is missing current debugging information for referencing module; linking object as if no debug info
Bullet.lib(btSimulationIslandManager.obj) : warning LNK4205: 'C:\Users\lcv2032525\Desktop\CEngine\x64\Debug\Bullet.pdb' is missing current debugging information for referencing module; linking object as if no debug info
Bullet.lib(btSphereSphereCollisionAlgorithm.obj) : warning LNK4205: 'C:\Users\lcv2032525\Desktop\CEngine\x64\Debug\Bullet.pdb' is missing current debugging information for referencing module; linking object as if no debug info
Bullet.lib(btSphereTriangleCollisionAlgorithm.obj) : warning LNK4205: 'C:\Users\lcv2032525\Desktop\CEngine\x64\Debug\Bullet.pdb' is missing current debugging information for referencing module; linking object as if no debug info
Bullet.lib(btUnionFind.obj) : warning LNK4205: 'C:\Users\lcv2032525\Desktop\CEngine\x64\Debug\Bullet.pdb' is missing current debugging information for referencing module; linking object as if no debug info
Bullet.lib(SphereTriangleDetector.obj) : warning LNK4205: 'C:\Users\lcv2032525\Desktop\CEngine\x64\Debug\Bullet.pdb' is missing current debugging information for referencing module; linking object as if no debug info
Bullet.lib(btBoxShape.obj) : warning LNK4205: 'C:\Users\lcv2032525\Desktop\CEngine\x64\Debug\Bullet.pdb' is missing current debugging information for referencing module; linking object as if no debug info
Bullet.lib(btBvhTriangleMeshShape.obj) : warning LNK4205: 'C:\Users\lcv2032525\Desktop\CEngine\x64\Debug\Bullet.pdb' is missing current debugging information for referencing module; linking object as if no debug info
Bullet.lib(btCollisionShape.obj) : warning LNK4205: 'C:\Users\lcv2032525\Desktop\CEngine\x64\Debug\Bullet.pdb' is missing current debugging information for referencing module; linking object as if no debug info
Bullet.lib(btConcaveShape.obj) : warning LNK4205: 'C:\Users\lcv2032525\Desktop\CEngine\x64\Debug\Bullet.pdb' is missing current debugging information for referencing module; linking object as if no debug info
Bullet.lib(btConvexInternalShape.obj) : warning LNK4205: 'C:\Users\lcv2032525\Desktop\CEngine\x64\Debug\Bullet.pdb' is missing current debugging information for referencing module; linking object as if no debug info
Bullet.lib(btConvexPolyhedron.obj) : warning LNK4205: 'C:\Users\lcv2032525\Desktop\CEngine\x64\Debug\Bullet.pdb' is missing current debugging information for referencing module; linking object as if no debug info
Bullet.lib(btConvexShape.obj) : warning LNK4205: 'C:\Users\lcv2032525\Desktop\CEngine\x64\Debug\Bullet.pdb' is missing current debugging information for referencing module; linking object as if no debug info
Bullet.lib(btHeightfieldTerrainShape.obj) : warning LNK4205: 'C:\Users\lcv2032525\Desktop\CEngine\x64\Debug\Bullet.pdb' is missing current debugging information for referencing module; linking object as if no debug info
Bullet.lib(btMiniSDF.obj) : warning LNK4205: 'C:\Users\lcv2032525\Desktop\CEngine\x64\Debug\Bullet.pdb' is missing current debugging information for referencing module; linking object as if no debug info
Bullet.lib(btOptimizedBvh.obj) : warning LNK4205: 'C:\Users\lcv2032525\Desktop\CEngine\x64\Debug\Bullet.pdb' is missing current debugging information for referencing module; linking object as if no debug info
Bullet.lib(btPolyhedralConvexShape.obj) : warning LNK4205: '' is missing current debugging information for referencing module; linking object as if no debug info
Bullet.lib(btSdfCollisionShape.obj) : warning LNK4205: 'C:\Users\lcv2032525\Desktop\CEngine\x64\Debug\Bullet.pdb' is missing current debugging information for referencing module; linking object as if no debug info
Bullet.lib(btSphereShape.obj) : warning LNK4205: 'C:\Users\lcv2032525\Desktop\CEngine\x64\Debug\Bullet.pdb' is missing current debugging information for referencing module; linking object as if no debug info
Bullet.lib(btTriangleCallback.obj) : warning LNK4205: 'C:\Users\lcv2032525\Desktop\CEngine\x64\Debug\Bullet.pdb' is missing current debugging information for referencing module; linking object as if no debug info
Bullet.lib(btTriangleMeshShape.obj) : warning LNK4205: 'C:\Users\lcv2032525\Desktop\CEngine\x64\Debug\Bullet.pdb' is missing current debugging information for referencing module; linking object as if no debug info
Bullet.lib(btContinuousConvexCollision.obj) : warning LNK4205: 'C:\Users\lcv2032525\Desktop\CEngine\x64\Debug\Bullet.pdb' is missing current debugging information for referencing module; linking object as if no debug info
Bullet.lib(btConvexCast.obj) : warning LNK4205: 'C:\Users\lcv2032525\Desktop\CEngine\x64\Debug\Bullet.pdb' is missing current debugging information for referencing module; linking object as if no debug info
Bullet.lib(btGjkConvexCast.obj) : warning LNK4205: 'C:\Users\lcv2032525\Desktop\CEngine\x64\Debug\Bullet.pdb' is missing current debugging information for referencing module; linking object as if no debug info
Bullet.lib(btGjkEpa2.obj) : warning LNK4205: 'C:\Users\lcv2032525\Desktop\CEngine\x64\Debug\Bullet.pdb' is missing current debugging information for referencing module; linking object as if no debug info
Bullet.lib(btGjkEpaPenetrationDepthSolver.obj) : warning LNK4205: 'C:\Users\lcv2032525\Desktop\CEngine\x64\Debug\Bullet.pdb' is missing current debugging information for referencing module; linking object as if no debug info
Bullet.lib(btGjkPairDetector.obj) : warning LNK4205: 'C:\Users\lcv2032525\Desktop\CEngine\x64\Debug\Bullet.pdb' is missing current debugging information for referencing module; linking object as if no debug info
Bullet.lib(btMinkowskiPenetrationDepthSolver.obj) : warning LNK4205: 'C:\Users\lcv2032525\Desktop\CEngine\x64\Debug\Bullet.pdb' is missing current debugging information for referencing module; linking object as if no debug info
Bullet.lib(btPersistentManifold.obj) : warning LNK4205: 'C:\Users\lcv2032525\Desktop\CEngine\x64\Debug\Bullet.pdb' is missing current debugging information for referencing module; linking object as if no debug info
Bullet.lib(btPolyhedralContactClipping.obj) : warning LNK4205: 'C:\Users\lcv2032525\Desktop\CEngine\x64\Debug\Bullet.pdb' is missing current debugging information for referencing module; linking object as if no debug info
Bullet.lib(btRaycastCallback.obj) : warning LNK4205: 'C:\Users\lcv2032525\Desktop\CEngine\x64\Debug\Bullet.pdb' is missing current debugging information for referencing module; linking object as if no debug info
Bullet.lib(btSubSimplexConvexCast.obj) : warning LNK4205: 'C:\Users\lcv2032525\Desktop\CEngine\x64\Debug\Bullet.pdb' is missing current debugging information for referencing module; linking object as if no debug info
Bullet.lib(btVoronoiSimplexSolver.obj) : warning LNK4205: 'C:\Users\lcv2032525\Desktop\CEngine\x64\Debug\Bullet.pdb' is missing current debugging information for referencing module; linking object as if no debug info
Bullet.lib(btConeTwistConstraint.obj) : warning LNK4205: 'C:\Users\lcv2032525\Desktop\CEngine\x64\Debug\Bullet.pdb' is missing current debugging information for referencing module; linking object as if no debug info
Bullet.lib(btGeneric6DofConstraint.obj) : warning LNK4205: 'C:\Users\lcv2032525\Desktop\CEngine\x64\Debug\Bullet.pdb' is missing current debugging information for referencing module; linking object as if no debug info
Bullet.lib(btSequentialImpulseConstraintSolver.obj) : warning LNK4205: 'C:\Users\lcv2032525\Desktop\CEngine\x64\Debug\Bullet.pdb' is missing current debugging information for referencing module; linking object as if no debug info
Bullet.lib(btTypedConstraint.obj) : warning LNK4205: 'C:\Users\lcv2032525\Desktop\CEngine\x64\Debug\Bullet.pdb' is missing current debugging information for referencing module; linking object as if no debug info
Bullet.lib(btDiscreteDynamicsWorld.obj) : warning LNK4205: 'C:\Users\lcv2032525\Desktop\CEngine\x64\Debug\Bullet.pdb' is missing current debugging information for referencing module; linking object as if no debug info
Bullet.lib(btRigidBody.obj) : warning LNK4205: 'C:\Users\lcv2032525\Desktop\CEngine\x64\Debug\Bullet.pdb' is missing current debugging information for referencing module; linking object as if no debug info
Bullet.lib(btAlignedAllocator.obj) : warning LNK4205: 'C:\Users\lcv2032525\Desktop\CEngine\x64\Debug\Bullet.pdb' is missing current debugging information for referencing module; linking object as if no debug info
Bullet.lib(btConvexHullComputer.obj) : warning LNK4205: 'C:\Users\lcv2032525\Desktop\CEngine\x64\Debug\Bullet.pdb' is missing current debugging information for referencing module; linking object as if no debug info
Bullet.lib(btGeometryUtil.obj) : warning LNK4205: 'C:\Users\lcv2032525\Desktop\CEngine\x64\Debug\Bullet.pdb' is missing current debugging information for referencing module; linking object as if no debug info
Bullet.lib(btQuickprof.obj) : warning LNK4205: 'C:\Users\lcv2032525\Desktop\CEngine\x64\Debug\Bullet.pdb' is missing current debugging information for referencing module; linking object as if no debug info
Bullet.lib(btVector3.obj) : warning LNK4205: 'C:\Users\lcv2032525\Desktop\CEngine\x64\Debug\Bullet.pdb' is missing current debugging information for referencing module; linking object as if no debug info
Core.lib(Precompiled.obj) : warning LNK4205: 'C:\Users\lcv2032525\Desktop\CEngine\x64\Debug\Core.pdb' is missing current debugging information for referencing module; linking object as if no debug info
Core.lib(TimeUtil.obj) : warning LNK4205: 'C:\Users\lcv2032525\Desktop\CEngine\x64\Debug\Core.pdb' is missing current debugging information for referencing module; linking object as if no debug info
Core.lib(Window.obj) : warning LNK4205: 'C:\Users\lcv2032525\Desktop\CEngine\x64\Debug\Core.pdb' is missing current debugging information for referencing module; linking object as if no debug info
Core.lib(WindowMessageHandler.obj) : warning LNK4205: 'C:\Users\lcv2032525\Desktop\CEngine\x64\Debug\Core.pdb' is missing current debugging information for referencing module; linking object as if no debug info
DirectXTK.lib(GamePad.obj) : warning LNK4099: PDB 'DirectXTK.pdb' was not found with 'DirectXTK.lib(GamePad.obj)' or at 'C:\Users\lcv2032525\Desktop\CEngine\x64\Debug\DirectXTK.pdb'; linking object as if no debug info
DirectXTK.lib(pch.obj) : warning LNK4099: PDB 'DirectXTK.pdb' was not found with 'DirectXTK.lib(pch.obj)' or at 'C:\Users\lcv2032525\Desktop\CEngine\x64\Debug\DirectXTK.pdb'; linking object as if no debug info
DirectXTK.lib(WICTextureLoader.obj) : warning LNK4099: PDB 'DirectXTK.pdb' was not found with 'DirectXTK.lib(WICTextureLoader.obj)' or at 'C:\Users\lcv2032525\Desktop\CEngine\x64\Debug\DirectXTK.pdb'; linking object as if no debug info
ImGui.lib(imgui.obj) : warning LNK4205: 'C:\Users\lcv2032525\Desktop\CEngine\x64\Debug\ImGui.pdb' is missing current debugging information for referencing module; linking object as if no debug info
ImGui.lib(imgui_draw.obj) : warning LNK4205: 'C:\Users\lcv2032525\Desktop\CEngine\x64\Debug\ImGui.pdb' is missing current debugging information for referencing module; linking object as if no debug info
ImGui.lib(imgui_impl_dx11.obj) : warning LNK4205: 'C:\Users\lcv2032525\Desktop\CEngine\x64\Debug\ImGui.pdb' is missing current debugging information for referencing module; linking object as if no debug info
ImGui.lib(imgui_impl_win32.obj) : warning LNK4205: 'C:\Users\lcv2032525\Desktop\CEngine\x64\Debug\ImGui.pdb' is missing current debugging information for referencing module; linking object as if no debug info
ImGui.lib(imgui_tables.obj) : warning LNK4205: 'C:\Users\lcv2032525\Desktop\CEngine\x64\Debug\ImGui.pdb' is missing current debugging information for referencing module; linking object as if no debug info
ImGui.lib(imgui_widgets.obj) : warning LNK4205: 'C:\Users\lcv2032525\Desktop\CEngine\x64\Debug\ImGui.pdb' is missing current debugging information for referencing module; linking object as if no debug info
Math.lib(CMath.obj) : warning LNK4205: 'C:\Users\lcv2032525\Desktop\CEngine\x64\Debug\Math.pdb' is missing current debugging information for referencing module; linking object as if no debug info
Math.lib(Precompiled.obj) : warning LNK4205: 'C:\Users\lcv2032525\Desktop\CEngine\x64\Debug\Math.pdb' is missing current debugging information for referencing module; linking object as if no debug info
Graphics.lib(Animation.obj) : warning LNK4205: 'C:\Users\lcv2032525\Desktop\CEngine\x64\Debug\Graphics.pdb' is missing current debugging information for referencing module; linking object as if no debug info
Graphics.lib(AnimationBuilder.obj) : warning LNK4205: '' is missing current debugging information for referencing module; linking object as if no debug info
Graphics.lib(AnimationUtil.obj) : warning LNK4205: 'C:\Users\lcv2032525\Desktop\CEngine\x64\Debug\Graphics.pdb' is missing current debugging information for referencing module; linking object as if no debug info
Graphics.lib(Animator.obj) : warning LNK4205: 'C:\Users\lcv2032525\Desktop\CEngine\x64\Debug\Graphics.pdb' is missing current debugging information for referencing module; linking object as if no debug info
Graphics.lib(BlendState.obj) : warning LNK4205: 'C:\Users\lcv2032525\Desktop\CEngine\x64\Debug\Graphics.pdb' is missing current debugging information for referencing module; linking object as if no debug info
Graphics.lib(Camera.obj) : warning LNK4205: '' is missing current debugging information for referencing module; linking object as if no debug info
Graphics.lib(ConstantBuffer.obj) : warning LNK4205: 'C:\Users\lcv2032525\Desktop\CEngine\x64\Debug\Graphics.pdb' is missing current debugging information for referencing module; linking object as if no debug info
Graphics.lib(DebugUI.obj) : warning LNK4205: 'C:\Users\lcv2032525\Desktop\CEngine\x64\Debug\Graphics.pdb' is missing current debugging information for referencing module; linking object as if no debug info
Graphics.lib(GraphicsSystem.obj) : warning LNK4205: 'C:\Users\lcv2032525\Desktop\CEngine\x64\Debug\Graphics.pdb' is missing current debugging information for referencing module; linking object as if no debug info
Graphics.lib(MeshBuffer.obj) : warning LNK4205: 'C:\Users\lcv2032525\Desktop\CEngine\x64\Debug\Graphics.pdb' is missing current debugging information for referencing module; linking object as if no debug info
Graphics.lib(MeshBuilder.obj) : warning LNK4205: 'C:\Users\lcv2032525\Desktop\CEngine\x64\Debug\Graphics.pdb' is missing current debugging information for referencing module; linking object as if no debug info
Graphics.lib(ModelIO.obj) : warning LNK4205: 'C:\Users\lcv2032525\Desktop\CEngine\x64\Debug\Graphics.pdb' is missing current debugging information for referencing module; linking object as if no debug info
Graphics.lib(ModelManager.obj) : warning LNK4205: 'C:\Users\lcv2032525\Desktop\CEngine\x64\Debug\Graphics.pdb' is missing current debugging information for referencing module; linking object as if no debug info
Graphics.lib(PixelShader.obj) : warning LNK4205: 'C:\Users\lcv2032525\Desktop\CEngine\x64\Debug\Graphics.pdb' is missing current debugging information for referencing module; linking object as if no debug info
Graphics.lib(Precompiled.obj) : warning LNK4205: 'C:\Users\lcv2032525\Desktop\CEngine\x64\Debug\Graphics.pdb' is missing current debugging information for referencing module; linking object as if no debug info
Graphics.lib(RenderObject.obj) : warning LNK4205: 'C:\Users\lcv2032525\Desktop\CEngine\x64\Debug\Graphics.pdb' is missing current debugging information for referencing module; linking object as if no debug info
Graphics.lib(RenderTarget.obj) : warning LNK4205: 'C:\Users\lcv2032525\Desktop\CEngine\x64\Debug\Graphics.pdb' is missing current debugging information for referencing module; linking object as if no debug info
Graphics.lib(Sampler.obj) : warning LNK4205: 'C:\Users\lcv2032525\Desktop\CEngine\x64\Debug\Graphics.pdb' is missing current debugging information for referencing module; linking object as if no debug info
Graphics.lib(ShadowEffect.obj) : warning LNK4205: 'C:\Users\lcv2032525\Desktop\CEngine\x64\Debug\Graphics.pdb' is missing current debugging information for referencing module; linking object as if no debug info
Graphics.lib(SimpleDraw.obj) : warning LNK4205: 'C:\Users\lcv2032525\Desktop\CEngine\x64\Debug\Graphics.pdb' is missing current debugging information for referencing module; linking object as if no debug info
Graphics.lib(StandardEffect.obj) : warning LNK4205: 'C:\Users\lcv2032525\Desktop\CEngine\x64\Debug\Graphics.pdb' is missing current debugging information for referencing module; linking object as if no debug info
Graphics.lib(Texture.obj) : warning LNK4205: 'C:\Users\lcv2032525\Desktop\CEngine\x64\Debug\Graphics.pdb' is missing current debugging information for referencing module; linking object as if no debug info
Graphics.lib(TextureManager.obj) : warning LNK4205: 'C:\Users\lcv2032525\Desktop\CEngine\x64\Debug\Graphics.pdb' is missing current debugging information for referencing module; linking object as if no debug info
Graphics.lib(VertexShader.obj) : warning LNK4205: 'C:\Users\lcv2032525\Desktop\CEngine\x64\Debug\Graphics.pdb' is missing current debugging information for referencing module; linking object as if no debug info
Input.lib(InputSystem.obj) : warning LNK4205: 'C:\Users\lcv2032525\Desktop\CEngine\x64\Debug\Input.pdb' is missing current debugging information for referencing module; linking object as if no debug info
Input.lib(Precompiled.obj) : warning LNK4205: 'C:\Users\lcv2032525\Desktop\CEngine\x64\Debug\Input.pdb' is missing current debugging information for referencing module; linking object as if no debug info
CEngine.lib(App.obj) : warning LNK4205: 'C:\Users\lcv2032525\Desktop\CEngine\x64\Debug\CEngine.pdb' is missing current debugging information for referencing module; linking object as if no debug info
CEngine.lib(CameraComponent.obj) : warning LNK4205: 'C:\Users\lcv2032525\Desktop\CEngine\x64\Debug\CEngine.pdb' is missing current debugging information for referencing module; linking object as if no debug info
CEngine.lib(CameraService.obj) : warning LNK4205: 'C:\Users\lcv2032525\Desktop\CEngine\x64\Debug\CEngine.pdb' is missing current debugging information for referencing module; linking object as if no debug info
CEngine.lib(CEngine.obj) : warning LNK4205: 'C:\Users\lcv2032525\Desktop\CEngine\x64\Debug\CEngine.pdb' is missing current debugging information for referencing module; linking object as if no debug info
CEngine.lib(ColiderComponent.obj) : warning LNK4205: 'C:\Users\lcv2032525\Desktop\CEngine\x64\Debug\CEngine.pdb' is missing current debugging information for referencing module; linking object as if no debug info
CEngine.lib(FPSCameraControllerComponent.obj) : warning LNK4205: 'C:\Users\lcv2032525\Desktop\CEngine\x64\Debug\CEngine.pdb' is missing current debugging information for referencing module; linking object as if no debug info
CEngine.lib(GameObject.obj) : warning LNK4205: 'C:\Users\lcv2032525\Desktop\CEngine\x64\Debug\CEngine.pdb' is missing current debugging information for referencing module; linking object as if no debug info
CEngine.lib(GameObjectFactory.obj) : warning LNK4205: 'C:\Users\lcv2032525\Desktop\CEngine\x64\Debug\CEngine.pdb' is missing current debugging information for referencing module; linking object as if no debug info
CEngine.lib(GameWorld.obj) : warning LNK4205: 'C:\Users\lcv2032525\Desktop\CEngine\x64\Debug\CEngine.pdb' is missing current debugging information for referencing module; linking object as if no debug info
CEngine.lib(MeshComponent.obj) : warning LNK4205: 'C:\Users\lcv2032525\Desktop\CEngine\x64\Debug\CEngine.pdb' is missing current debugging information for referencing module; linking object as if no debug info
CEngine.lib(ModelComponent.obj) : warning LNK4205: 'C:\Users\lcv2032525\Desktop\CEngine\x64\Debug\CEngine.pdb' is missing current debugging information for referencing module; linking object as if no debug info
CEngine.lib(PhysicsComponent.obj) : warning LNK4205: 'C:\Users\lcv2032525\Desktop\CEngine\x64\Debug\CEngine.pdb' is missing current debugging information for referencing module; linking object as if no debug info
CEngine.lib(PhysicsDebugDrawer.obj) : warning LNK4205: 'C:\Users\lcv2032525\Desktop\CEngine\x64\Debug\CEngine.pdb' is missing current debugging information for referencing module; linking object as if no debug info
CEngine.lib(PhysicsService.obj) : warning LNK4205: 'C:\Users\lcv2032525\Desktop\CEngine\x64\Debug\CEngine.pdb' is missing current debugging information for referencing module; linking object as if no debug info
CEngine.lib(Precompiled.obj) : warning LNK4205: 'C:\Users\lcv2032525\Desktop\CEngine\x64\Debug\CEngine.pdb' is missing current debugging information for referencing module; linking object as if no debug info
CEngine.lib(RenderService.obj) : warning LNK4205: 'C:\Users\lcv2032525\Desktop\CEngine\x64\Debug\CEngine.pdb' is missing current debugging information for referencing module; linking object as if no debug info
CEngine.lib(RigidBodyComponent.obj) : warning LNK4205: 'C:\Users\lcv2032525\Desktop\CEngine\x64\Debug\CEngine.pdb' is missing current debugging information for referencing module; linking object as if no debug info
CEngine.lib(TransformComponent.obj) : warning LNK4205: 'C:\Users\lcv2032525\Desktop\CEngine\x64\Debug\CEngine.pdb' is missing current debugging information for referencing module; linking object as if no debug info
  19_CEngine_Final.vcxproj -> C:\Users\lcv2032525\Desktop\CEngine\x64\Debug\19_CEngine_Final.exe
