  Precompiled.cpp
  AnimatorComponent.cpp
  App.cpp
  CEngine.cpp
  CameraComponent.cpp
  CameraService.cpp
  ColiderComponent.cpp
  FPSCameraControllerComponent.cpp
  GameObject.cpp
  GameObjectFactory.cpp
  GameWorld.cpp
  MeshComponent.cpp
  ModelComponent.cpp
  PhysicsComponent.cpp
  PhysicsDebugDrawer.cpp
  PhysicsService.cpp
  RenderService.cpp
  RigidBodyComponent.cpp
  TransformComponent.cpp
  Generating Code...
  CEngine.vcxproj -> C:\Users\lcv2032525\Desktop\CEngine\x64\Debug\CEngine.lib
