  Precompiled.cpp
  Animation.cpp
  AnimationBuilder.cpp
  AnimationUtil.cpp
  Animator.cpp
  BlendState.cpp
  Camera.cpp
  ConstantBuffer.cpp
  DebugUI.cpp
  GaussianBlurEffect.cpp
  GraphicsSystem.cpp
  MeshBuffer.cpp
  MeshBuilder.cpp
  ModelIO.cpp
C:\Users\lcv2032525\Desktop\CEngine\Framework\Graphics\Src\ModelIO.cpp(12,49): warning C4267: 'initializing': conversion from 'size_t' to 'uint32_t', possible loss of data
C:\Users\lcv2032525\Desktop\CEngine\Framework\Graphics\Src\ModelIO.cpp(18,40): warning C4267: '=': conversion from 'size_t' to 'uint32_t', possible loss of data
C:\Users\lcv2032525\Desktop\CEngine\Framework\Graphics\Src\ModelIO.cpp(24,37): warning C4267: '=': conversion from 'size_t' to 'uint32_t', possible loss of data
C:\Users\lcv2032525\Desktop\CEngine\Framework\Graphics\Src\ModelIO.cpp(182,18): warning C4477: 'fprintf_s' : format string '%u' requires an argument of type 'unsigned int', but variadic argument 1 has type 'unsigned __int64'
C:\Users\lcv2032525\Desktop\CEngine\Framework\Graphics\Src\ModelIO.cpp(182,18): message : consider using '%zu' in the format string
C:\Users\lcv2032525\Desktop\CEngine\Framework\Graphics\Src\ModelIO.cpp(264,52): warning C4267: 'initializing': conversion from 'size_t' to 'uint32_t', possible loss of data
C:\Users\lcv2032525\Desktop\CEngine\Framework\Graphics\Src\ModelIO.cpp(275,58): warning C4267: 'initializing': conversion from 'size_t' to 'uint32_t', possible loss of data
C:\Users\lcv2032525\Desktop\CEngine\Framework\Graphics\Src\ModelIO.cpp(316,25): warning C4018: '<': signed/unsigned mismatch
C:\Users\lcv2032525\Desktop\CEngine\Framework\Graphics\Src\ModelIO.cpp(322,25): warning C4018: '<': signed/unsigned mismatch
C:\Users\lcv2032525\Desktop\CEngine\Framework\Graphics\Src\ModelIO.cpp(346,27): warning C4018: '<': signed/unsigned mismatch
C:\Users\lcv2032525\Desktop\CEngine\Framework\Graphics\Src\ModelIO.cpp(379,54): warning C4267: 'initializing': conversion from 'size_t' to 'uint32_t', possible loss of data
C:\Users\lcv2032525\Desktop\CEngine\Framework\Graphics\Src\ModelIO.cpp(388,62): warning C4267: 'initializing': conversion from 'size_t' to 'uint32_t', possible loss of data
  ModelManager.cpp
  PixelShader.cpp
  RenderObject.cpp
  RenderTarget.cpp
  Sampler.cpp
  ShadowEffect.cpp
  SimpleDraw.cpp
  Generating Code...
  Compiling...
  StandardEffect.cpp
  Texture.cpp
  PostProcessingEffect.cpp
C:\Users\lcv2032525\Desktop\CEngine\Framework\Graphics\Src\PostProcessingEffect.cpp(77,18): warning C4244: '=': conversion from 'int' to 'float', possible loss of data
  TextureManager.cpp
  VertexShader.cpp
  Generating Code...
  Graphics.vcxproj -> C:\Users\lcv2032525\Desktop\CEngine\x64\Debug\Graphics.lib
